<?xml version="1.0" encoding="UTF-8"?>
<!-- Generated by org.testng.reporters.JUnitReportReporter -->
<testsuite hostname="DESKTOP-LIHFU2U" failures="0" tests="1" name="codenbox.testCases.LoginTest" time="5.954" errors="0" timestamp="2025-02-04T17:37:15 EST" skipped="0">
  <testcase classname="codenbox.testCases.LoginTest" name="verify_login" time="5.954"/>
</testsuite> <!-- codenbox.testCases.LoginTest -->
