<?xml version="1.0" encoding="UTF-8"?>
<!-- Generated by org.testng.reporters.JUnitReportReporter -->
<testsuite hostname="DESKTOP-LIHFU2U" failures="0" tests="1" name="codenbox.testCases.RegistrationTest" time="8.247" errors="0" timestamp="2025-02-04T17:37:15 EST" skipped="0">
  <testcase classname="codenbox.testCases.RegistrationTest" name="verify_registration" time="8.247"/>
</testsuite> <!-- codenbox.testCases.RegistrationTest -->
